#
# There is insufficient memory for the Java Runtime Environment to continue.
# Native memory allocation (malloc) failed to allocate 32744 bytes for ChunkPool::allocate
# Possible reasons:
#   The system is out of physical RAM or swap space
#   The process is running with CompressedOops enabled, and the Java Heap may be blocking the growth of the native heap
# Possible solutions:
#   Reduce memory load on the system
#   Increase physical memory or swap space
#   Check if swap backing store is full
#   Decrease Java heap size (-Xmx/-Xms)
#   Decrease number of Java threads
#   Decrease Java thread stack sizes (-Xss)
#   Set larger code cache with -XX:ReservedCodeCacheSize=
#   JVM is running with Unscaled Compressed Oops mode in which the Java heap is
#     placed in the first 4GB address space. The Java Heap base address is the
#     maximum limit for the native heap growth. Please use -XX:HeapBaseMinAddress
#     to set the Java Heap base and to place the Java Heap above 4GB virtual address.
# This output file may be truncated or incomplete.
#
#  Out of Memory Error (./src/hotspot/share/memory/arena.cpp:81), pid=12976, tid=14344
#
# JRE version: OpenJDK Runtime Environment Temurin-11.0.14.1+1 (11.0.14.1+1) (build 11.0.14.1+1)
# Java VM: OpenJDK 64-Bit Server VM Temurin-11.0.14.1+1 (11.0.14.1+1, mixed mode, tiered, compressed oops, g1 gc, windows-amd64)
# No core dump will be written. Minidumps are not enabled by default on client versions of Windows
#

---------------  S U M M A R Y ------------

Command Line: -ea -Didea.test.cyclic.buffer.size=1048576 -javaagent:C:\Program Files\JetBrains\IntelliJ IDEA Community Edition 2021.3.3\lib\idea_rt.jar=51031:C:\Program Files\JetBrains\IntelliJ IDEA Community Edition 2021.3.3\bin -Dfile.encoding=UTF-8 com.intellij.rt.testng.RemoteTestNGStarter -usedefaultlisteners false -socket51030 @w@C:\Users\HP\AppData\Local\Temp\idea_working_dirs_testng.tmp -temp C:\Users\HP\AppData\Local\Temp\idea_testng.tmp

Host: AMD A9-9425 RADEON R5, 5 COMPUTE CORES 2C+3G   , 2 cores, 7G,  Windows 10 , 64 bit Build 19041 (10.0.19041.3155)
Time: Sun Jul 23 19:02:28 2023 FLE Daylight Time elapsed time: 12.062809 seconds (0d 0h 0m 12s)

---------------  T H R E A D  ---------------

Current thread (0x0000020295363000):  JavaThread "C2 CompilerThread0" daemon [_thread_in_native, id=14344, stack(0x000000812ae00000,0x000000812af00000)]


Current CompileTask:
C2:  12062 2048 %     4       com.google.gson.stream.JsonWriter::string @ 37 (169 bytes)

Stack: [0x000000812ae00000,0x000000812af00000]
Native frames: (J=compiled Java code, j=interpreted, Vv=VM code, C=native code)
V  [jvm.dll+0x61e59a]
V  [jvm.dll+0x7aaca9]
V  [jvm.dll+0x7ac398]
V  [jvm.dll+0x7aca73]
V  [jvm.dll+0x24f9b8]
V  [jvm.dll+0xc286b]
V  [jvm.dll+0xc2bcc]
V  [jvm.dll+0xc271b]
V  [jvm.dll+0x5fc15f]
V  [jvm.dll+0x64f284]
V  [jvm.dll+0x19e90d]
V  [jvm.dll+0x208d12]
V  [jvm.dll+0x207ded]
V  [jvm.dll+0x18a2c1]
V  [jvm.dll+0x217734]
V  [jvm.dll+0x21597b]
V  [jvm.dll+0x76d7c0]
V  [jvm.dll+0x766724]
V  [jvm.dll+0x61d3f6]
C  [ucrtbase.dll+0x21bb2]
C  [KERNEL32.DLL+0x17614]
C  [ntdll.dll+0x526b1]


---------------  P R O C E S S  ---------------

Threads class SMR info:
_java_thread_list=0x0000020296668d40, length=15, elements={
0x00000202f7491000, 0x0000020295353000, 0x0000020295355800, 0x000002029535d000,
0x000002029535f000, 0x0000020295360000, 0x0000020295363000, 0x0000020295368000,
0x0000020295d1a000, 0x00000202952e5800, 0x0000020295f82800, 0x0000020297330800,
0x000002029732b000, 0x0000020296020800, 0x0000020296283800
}

Java Threads: ( => current thread )
  0x00000202f7491000 JavaThread "Forwarding isElementDisplayed on session 1ba23fde04df49ec9e1929ae2876e908 to remote" [_thread_in_native, id=14600, stack(0x000000812a200000,0x000000812a300000)]
  0x0000020295353000 JavaThread "Reference Handler" daemon [_thread_blocked, id=14972, stack(0x000000812a900000,0x000000812aa00000)]
  0x0000020295355800 JavaThread "Finalizer" daemon [_thread_blocked, id=13136, stack(0x000000812aa00000,0x000000812ab00000)]
  0x000002029535d000 JavaThread "Signal Dispatcher" daemon [_thread_blocked, id=14400, stack(0x000000812ab00000,0x000000812ac00000)]
  0x000002029535f000 JavaThread "Attach Listener" daemon [_thread_blocked, id=14384, stack(0x000000812ac00000,0x000000812ad00000)]
  0x0000020295360000 JavaThread "Service Thread" daemon [_thread_blocked, id=14728, stack(0x000000812ad00000,0x000000812ae00000)]
=>0x0000020295363000 JavaThread "C2 CompilerThread0" daemon [_thread_in_native, id=14344, stack(0x000000812ae00000,0x000000812af00000)]
  0x0000020295368000 JavaThread "C1 CompilerThread0" daemon [_thread_blocked, id=14488, stack(0x000000812af00000,0x000000812b000000)]
  0x0000020295d1a000 JavaThread "Sweeper thread" daemon [_thread_blocked, id=14368, stack(0x000000812b000000,0x000000812b100000)]
  0x00000202952e5800 JavaThread "Common-Cleaner" daemon [_thread_blocked, id=14440, stack(0x000000812b100000,0x000000812b200000)]
  0x0000020295f82800 JavaThread "Monitor Ctrl-Break" daemon [_thread_in_native, id=14360, stack(0x000000812b200000,0x000000812b300000)]
  0x0000020297330800 JavaThread "Exec Default Executor" daemon [_thread_in_native, id=11908, stack(0x000000812b500000,0x000000812b600000)]
  0x000002029732b000 JavaThread "UrlChecker-2" daemon [_thread_blocked, id=15296, stack(0x000000812b600000,0x000000812b700000)]
  0x0000020296020800 JavaThread "Exec Stream Pumper" daemon [_thread_in_native, id=14680, stack(0x000000812b800000,0x000000812b900000)]
  0x0000020296283800 JavaThread "Exec Stream Pumper" daemon [_thread_in_native, id=13356, stack(0x000000812b900000,0x000000812ba00000)]

Other Threads:
  0x000002029533c000 VMThread "VM Thread" [stack: 0x000000812a800000,0x000000812a900000] [id=9616]
  0x0000020295f87800 WatcherThread [stack: 0x000000812b300000,0x000000812b400000] [id=14492]
  0x00000202f74ad000 GCTaskThread "GC Thread#0" [stack: 0x000000812a300000,0x000000812a400000] [id=14468]
  0x0000020296141000 GCTaskThread "GC Thread#1" [stack: 0x000000812b400000,0x000000812b500000] [id=14516]
  0x00000202f74da000 ConcurrentGCThread "G1 Main Marker" [stack: 0x000000812a400000,0x000000812a500000] [id=14580]
  0x00000202f74db800 ConcurrentGCThread "G1 Conc#0" [stack: 0x000000812a500000,0x000000812a600000] [id=14628]
  0x00000202f7554800 ConcurrentGCThread "G1 Refine#0" [stack: 0x000000812a600000,0x000000812a700000] [id=14632]
  0x00000202f7556800 ConcurrentGCThread "G1 Young RemSet Sampling" [stack: 0x000000812a700000,0x000000812a800000] [id=13488]

Threads with active compile tasks:
C2 CompilerThread0  12114 2048 %     4       com.google.gson.stream.JsonWriter::string @ 37 (169 bytes)

VM state:not at safepoint (normal execution)

VM Mutex/Monitor currently owned by a thread: None

Heap address: 0x0000000088800000, size: 1912 MB, Compressed Oops mode: 32-bit
Narrow klass base: 0x0000000000000000, Narrow klass shift: 3
Compressed class space size: 1073741824 Address: 0x0000000100000000

Heap:
 garbage-first heap   total 122880K, used 22192K [0x0000000088800000, 0x0000000100000000)
  region size 1024K, 15 young (15360K), 2 survivors (2048K)
 Metaspace       used 24103K, capacity 24611K, committed 24832K, reserved 1071104K
  class space    used 2617K, capacity 2781K, committed 2816K, reserved 1048576K
Heap Regions: E=young(eden), S=young(survivor), O=old, HS=humongous(starts), HC=humongous(continues), CS=collection set, F=free, A=archive, TAMS=top-at-mark-start (previous, next)
|   0|0x0000000088800000, 0x0000000088900000, 0x0000000088900000|100%| O|  |TAMS 0x0000000088900000, 0x0000000088800000| Untracked 
|   1|0x0000000088900000, 0x0000000088a00000, 0x0000000088a00000|100%| O|  |TAMS 0x0000000088a00000, 0x0000000088900000| Untracked 
|   2|0x0000000088a00000, 0x0000000088b00000, 0x0000000088b00000|100%| O|  |TAMS 0x0000000088b00000, 0x0000000088a00000| Untracked 
|   3|0x0000000088b00000, 0x0000000088c00000, 0x0000000088c00000|100%| O|  |TAMS 0x0000000088c00000, 0x0000000088b00000| Untracked 
|   4|0x0000000088c00000, 0x0000000088d00000, 0x0000000088d00000|100%| O|  |TAMS 0x0000000088d00000, 0x0000000088c00000| Untracked 
|   5|0x0000000088d00000, 0x0000000088e00000, 0x0000000088e00000|100%| O|  |TAMS 0x0000000088e00000, 0x0000000088d00000| Untracked 
|   6|0x0000000088e00000, 0x0000000088f00000, 0x0000000088f00000|100%| O|  |TAMS 0x0000000088f00000, 0x0000000088e00000| Untracked 
|   7|0x0000000088f00000, 0x0000000089000000, 0x0000000089000000|100%| O|  |TAMS 0x0000000089000000, 0x0000000088f00000| Untracked 
|   8|0x0000000089000000, 0x0000000089044000, 0x0000000089100000| 26%| O|  |TAMS 0x0000000089044000, 0x0000000089000000| Untracked 
|   9|0x0000000089100000, 0x0000000089100000, 0x0000000089200000|  0%| F|  |TAMS 0x0000000089100000, 0x0000000089100000| Untracked 
|  10|0x0000000089200000, 0x0000000089200000, 0x0000000089300000|  0%| F|  |TAMS 0x0000000089200000, 0x0000000089200000| Untracked 
|  11|0x0000000089300000, 0x0000000089300000, 0x0000000089400000|  0%| F|  |TAMS 0x0000000089300000, 0x0000000089300000| Untracked 
|  12|0x0000000089400000, 0x0000000089400000, 0x0000000089500000|  0%| F|  |TAMS 0x0000000089400000, 0x0000000089400000| Untracked 
|  13|0x0000000089500000, 0x0000000089500000, 0x0000000089600000|  0%| F|  |TAMS 0x0000000089500000, 0x0000000089500000| Untracked 
|  14|0x0000000089600000, 0x0000000089600000, 0x0000000089700000|  0%| F|  |TAMS 0x0000000089600000, 0x0000000089600000| Untracked 
|  15|0x0000000089700000, 0x0000000089700000, 0x0000000089800000|  0%| F|  |TAMS 0x0000000089700000, 0x0000000089700000| Untracked 
|  16|0x0000000089800000, 0x0000000089800000, 0x0000000089900000|  0%| F|  |TAMS 0x0000000089800000, 0x0000000089800000| Untracked 
|  17|0x0000000089900000, 0x0000000089900000, 0x0000000089a00000|  0%| F|  |TAMS 0x0000000089900000, 0x0000000089900000| Untracked 
|  18|0x0000000089a00000, 0x0000000089a00000, 0x0000000089b00000|  0%| F|  |TAMS 0x0000000089a00000, 0x0000000089a00000| Untracked 
|  19|0x0000000089b00000, 0x0000000089b00000, 0x0000000089c00000|  0%| F|  |TAMS 0x0000000089b00000, 0x0000000089b00000| Untracked 
|  20|0x0000000089c00000, 0x0000000089c00000, 0x0000000089d00000|  0%| F|  |TAMS 0x0000000089c00000, 0x0000000089c00000| Untracked 
|  21|0x0000000089d00000, 0x0000000089d00000, 0x0000000089e00000|  0%| F|  |TAMS 0x0000000089d00000, 0x0000000089d00000| Untracked 
|  22|0x0000000089e00000, 0x0000000089e00000, 0x0000000089f00000|  0%| F|  |TAMS 0x0000000089e00000, 0x0000000089e00000| Untracked 
|  23|0x0000000089f00000, 0x0000000089f00000, 0x000000008a000000|  0%| F|  |TAMS 0x0000000089f00000, 0x0000000089f00000| Untracked 
|  24|0x000000008a000000, 0x000000008a000000, 0x000000008a100000|  0%| F|  |TAMS 0x000000008a000000, 0x000000008a000000| Untracked 
|  25|0x000000008a100000, 0x000000008a100000, 0x000000008a200000|  0%| F|  |TAMS 0x000000008a100000, 0x000000008a100000| Untracked 
|  26|0x000000008a200000, 0x000000008a200000, 0x000000008a300000|  0%| F|  |TAMS 0x000000008a200000, 0x000000008a200000| Untracked 
|  27|0x000000008a300000, 0x000000008a300000, 0x000000008a400000|  0%| F|  |TAMS 0x000000008a300000, 0x000000008a300000| Untracked 
|  28|0x000000008a400000, 0x000000008a400000, 0x000000008a500000|  0%| F|  |TAMS 0x000000008a400000, 0x000000008a400000| Untracked 
|  29|0x000000008a500000, 0x000000008a500000, 0x000000008a600000|  0%| F|  |TAMS 0x000000008a500000, 0x000000008a500000| Untracked 
|  30|0x000000008a600000, 0x000000008a600000, 0x000000008a700000|  0%| F|  |TAMS 0x000000008a600000, 0x000000008a600000| Untracked 
|  31|0x000000008a700000, 0x000000008a700000, 0x000000008a800000|  0%| F|  |TAMS 0x000000008a700000, 0x000000008a700000| Untracked 
|  32|0x000000008a800000, 0x000000008a800000, 0x000000008a900000|  0%| F|  |TAMS 0x000000008a800000, 0x000000008a800000| Untracked 
|  33|0x000000008a900000, 0x000000008a900000, 0x000000008aa00000|  0%| F|  |TAMS 0x000000008a900000, 0x000000008a900000| Untracked 
|  34|0x000000008aa00000, 0x000000008aa00000, 0x000000008ab00000|  0%| F|  |TAMS 0x000000008aa00000, 0x000000008aa00000| Untracked 
|  35|0x000000008ab00000, 0x000000008ab00000, 0x000000008ac00000|  0%| F|  |TAMS 0x000000008ab00000, 0x000000008ab00000| Untracked 
|  36|0x000000008ac00000, 0x000000008ac00000, 0x000000008ad00000|  0%| F|  |TAMS 0x000000008ac00000, 0x000000008ac00000| Untracked 
|  37|0x000000008ad00000, 0x000000008ad00000, 0x000000008ae00000|  0%| F|  |TAMS 0x000000008ad00000, 0x000000008ad00000| Untracked 
|  38|0x000000008ae00000, 0x000000008ae00000, 0x000000008af00000|  0%| F|  |TAMS 0x000000008ae00000, 0x000000008ae00000| Untracked 
|  39|0x000000008af00000, 0x000000008af00000, 0x000000008b000000|  0%| F|  |TAMS 0x000000008af00000, 0x000000008af00000| Untracked 
|  40|0x000000008b000000, 0x000000008b000000, 0x000000008b100000|  0%| F|  |TAMS 0x000000008b000000, 0x000000008b000000| Untracked 
|  41|0x000000008b100000, 0x000000008b100000, 0x000000008b200000|  0%| F|  |TAMS 0x000000008b100000, 0x000000008b100000| Untracked 
|  42|0x000000008b200000, 0x000000008b200000, 0x000000008b300000|  0%| F|  |TAMS 0x000000008b200000, 0x000000008b200000| Untracked 
|  43|0x000000008b300000, 0x000000008b300000, 0x000000008b400000|  0%| F|  |TAMS 0x000000008b300000, 0x000000008b300000| Untracked 
|  44|0x000000008b400000, 0x000000008b400000, 0x000000008b500000|  0%| F|  |TAMS 0x000000008b400000, 0x000000008b400000| Untracked 
|  45|0x000000008b500000, 0x000000008b500000, 0x000000008b600000|  0%| F|  |TAMS 0x000000008b500000, 0x000000008b500000| Untracked 
|  46|0x000000008b600000, 0x000000008b600000, 0x000000008b700000|  0%| F|  |TAMS 0x000000008b600000, 0x000000008b600000| Untracked 
|  47|0x000000008b700000, 0x000000008b700000, 0x000000008b800000|  0%| F|  |TAMS 0x000000008b700000, 0x000000008b700000| Untracked 
|  48|0x000000008b800000, 0x000000008b800000, 0x000000008b900000|  0%| F|  |TAMS 0x000000008b800000, 0x000000008b800000| Untracked 
|  49|0x000000008b900000, 0x000000008b900000, 0x000000008ba00000|  0%| F|  |TAMS 0x000000008b900000, 0x000000008b900000| Untracked 
|  50|0x000000008ba00000, 0x000000008ba00000, 0x000000008bb00000|  0%| F|  |TAMS 0x000000008ba00000, 0x000000008ba00000| Untracked 
|  51|0x000000008bb00000, 0x000000008bb00000, 0x000000008bc00000|  0%| F|  |TAMS 0x000000008bb00000, 0x000000008bb00000| Untracked 
|  52|0x000000008bc00000, 0x000000008bc00000, 0x000000008bd00000|  0%| F|  |TAMS 0x000000008bc00000, 0x000000008bc00000| Untracked 
|  53|0x000000008bd00000, 0x000000008bd00000, 0x000000008be00000|  0%| F|  |TAMS 0x000000008bd00000, 0x000000008bd00000| Untracked 
|  54|0x000000008be00000, 0x000000008be00000, 0x000000008bf00000|  0%| F|  |TAMS 0x000000008be00000, 0x000000008be00000| Untracked 
|  55|0x000000008bf00000, 0x000000008bf00000, 0x000000008c000000|  0%| F|  |TAMS 0x000000008bf00000, 0x000000008bf00000| Untracked 
|  56|0x000000008c000000, 0x000000008c000000, 0x000000008c100000|  0%| F|  |TAMS 0x000000008c000000, 0x000000008c000000| Untracked 
|  57|0x000000008c100000, 0x000000008c100000, 0x000000008c200000|  0%| F|  |TAMS 0x000000008c100000, 0x000000008c100000| Untracked 
|  58|0x000000008c200000, 0x000000008c200000, 0x000000008c300000|  0%| F|  |TAMS 0x000000008c200000, 0x000000008c200000| Untracked 
|  59|0x000000008c300000, 0x000000008c300000, 0x000000008c400000|  0%| F|  |TAMS 0x000000008c300000, 0x000000008c300000| Untracked 
|  60|0x000000008c400000, 0x000000008c400000, 0x000000008c500000|  0%| F|  |TAMS 0x000000008c400000, 0x000000008c400000| Untracked 
|  61|0x000000008c500000, 0x000000008c500000, 0x000000008c600000|  0%| F|  |TAMS 0x000000008c500000, 0x000000008c500000| Untracked 
|  62|0x000000008c600000, 0x000000008c600000, 0x000000008c700000|  0%| F|  |TAMS 0x000000008c600000, 0x000000008c600000| Untracked 
|  63|0x000000008c700000, 0x000000008c700000, 0x000000008c800000|  0%| F|  |TAMS 0x000000008c700000, 0x000000008c700000| Untracked 
|  64|0x000000008c800000, 0x000000008c800000, 0x000000008c900000|  0%| F|  |TAMS 0x000000008c800000, 0x000000008c800000| Untracked 
|  65|0x000000008c900000, 0x000000008c900000, 0x000000008ca00000|  0%| F|  |TAMS 0x000000008c900000, 0x000000008c900000| Untracked 
|  66|0x000000008ca00000, 0x000000008ca00000, 0x000000008cb00000|  0%| F|  |TAMS 0x000000008ca00000, 0x000000008ca00000| Untracked 
|  67|0x000000008cb00000, 0x000000008cb00000, 0x000000008cc00000|  0%| F|  |TAMS 0x000000008cb00000, 0x000000008cb00000| Untracked 
|  68|0x000000008cc00000, 0x000000008cc00000, 0x000000008cd00000|  0%| F|  |TAMS 0x000000008cc00000, 0x000000008cc00000| Untracked 
|  69|0x000000008cd00000, 0x000000008cd00000, 0x000000008ce00000|  0%| F|  |TAMS 0x000000008cd00000, 0x000000008cd00000| Untracked 
|  70|0x000000008ce00000, 0x000000008ce00000, 0x000000008cf00000|  0%| F|  |TAMS 0x000000008ce00000, 0x000000008ce00000| Untracked 
|  71|0x000000008cf00000, 0x000000008cf00000, 0x000000008d000000|  0%| F|  |TAMS 0x000000008cf00000, 0x000000008cf00000| Untracked 
|  72|0x000000008d000000, 0x000000008d000000, 0x000000008d100000|  0%| F|  |TAMS 0x000000008d000000, 0x000000008d000000| Untracked 
|  73|0x000000008d100000, 0x000000008d100000, 0x000000008d200000|  0%| F|  |TAMS 0x000000008d100000, 0x000000008d100000| Untracked 
|  74|0x000000008d200000, 0x000000008d200000, 0x000000008d300000|  0%| F|  |TAMS 0x000000008d200000, 0x000000008d200000| Untracked 
|  75|0x000000008d300000, 0x000000008d300000, 0x000000008d400000|  0%| F|  |TAMS 0x000000008d300000, 0x000000008d300000| Untracked 
|  76|0x000000008d400000, 0x000000008d400000, 0x000000008d500000|  0%| F|  |TAMS 0x000000008d400000, 0x000000008d400000| Untracked 
|  77|0x000000008d500000, 0x000000008d500000, 0x000000008d600000|  0%| F|  |TAMS 0x000000008d500000, 0x000000008d500000| Untracked 
|  78|0x000000008d600000, 0x000000008d600000, 0x000000008d700000|  0%| F|  |TAMS 0x000000008d600000, 0x000000008d600000| Untracked 
|  79|0x000000008d700000, 0x000000008d700000, 0x000000008d800000|  0%| F|  |TAMS 0x000000008d700000, 0x000000008d700000| Untracked 
|  80|0x000000008d800000, 0x000000008d800000, 0x000000008d900000|  0%| F|  |TAMS 0x000000008d800000, 0x000000008d800000| Untracked 
|  81|0x000000008d900000, 0x000000008d900000, 0x000000008da00000|  0%| F|  |TAMS 0x000000008d900000, 0x000000008d900000| Untracked 
|  82|0x000000008da00000, 0x000000008da00000, 0x000000008db00000|  0%| F|  |TAMS 0x000000008da00000, 0x000000008da00000| Untracked 
|  83|0x000000008db00000, 0x000000008db00000, 0x000000008dc00000|  0%| F|  |TAMS 0x000000008db00000, 0x000000008db00000| Untracked 
|  84|0x000000008dc00000, 0x000000008dc00000, 0x000000008dd00000|  0%| F|  |TAMS 0x000000008dc00000, 0x000000008dc00000| Untracked 
|  85|0x000000008dd00000, 0x000000008dd00000, 0x000000008de00000|  0%| F|  |TAMS 0x000000008dd00000, 0x000000008dd00000| Untracked 
|  86|0x000000008de00000, 0x000000008de00000, 0x000000008df00000|  0%| F|  |TAMS 0x000000008de00000, 0x000000008de00000| Untracked 
|  87|0x000000008df00000, 0x000000008df00000, 0x000000008e000000|  0%| F|  |TAMS 0x000000008df00000, 0x000000008df00000| Untracked 
|  88|0x000000008e000000, 0x000000008e000000, 0x000000008e100000|  0%| F|  |TAMS 0x000000008e000000, 0x000000008e000000| Untracked 
|  89|0x000000008e100000, 0x000000008e100000, 0x000000008e200000|  0%| F|  |TAMS 0x000000008e100000, 0x000000008e100000| Untracked 
|  90|0x000000008e200000, 0x000000008e200000, 0x000000008e300000|  0%| F|  |TAMS 0x000000008e200000, 0x000000008e200000| Untracked 
|  91|0x000000008e300000, 0x000000008e300000, 0x000000008e400000|  0%| F|  |TAMS 0x000000008e300000, 0x000000008e300000| Untracked 
|  92|0x000000008e400000, 0x000000008e400000, 0x000000008e500000|  0%| F|  |TAMS 0x000000008e400000, 0x000000008e400000| Untracked 
|  93|0x000000008e500000, 0x000000008e500000, 0x000000008e600000|  0%| F|  |TAMS 0x000000008e500000, 0x000000008e500000| Untracked 
|  94|0x000000008e600000, 0x000000008e600000, 0x000000008e700000|  0%| F|  |TAMS 0x000000008e600000, 0x000000008e600000| Untracked 
|  95|0x000000008e700000, 0x000000008e700000, 0x000000008e800000|  0%| F|  |TAMS 0x000000008e700000, 0x000000008e700000| Untracked 
|  96|0x000000008e800000, 0x000000008e800000, 0x000000008e900000|  0%| F|  |TAMS 0x000000008e800000, 0x000000008e800000| Untracked 
|  97|0x000000008e900000, 0x000000008e900000, 0x000000008ea00000|  0%| F|  |TAMS 0x000000008e900000, 0x000000008e900000| Untracked 
|  98|0x000000008ea00000, 0x000000008ea00000, 0x000000008eb00000|  0%| F|  |TAMS 0x000000008ea00000, 0x000000008ea00000| Untracked 
|  99|0x000000008eb00000, 0x000000008eb00000, 0x000000008ec00000|  0%| F|  |TAMS 0x000000008eb00000, 0x000000008eb00000| Untracked 
| 100|0x000000008ec00000, 0x000000008ec00000, 0x000000008ed00000|  0%| F|  |TAMS 0x000000008ec00000, 0x000000008ec00000| Untracked 
| 101|0x000000008ed00000, 0x000000008ed00000, 0x000000008ee00000|  0%| F|  |TAMS 0x000000008ed00000, 0x000000008ed00000| Untracked 
| 102|0x000000008ee00000, 0x000000008ee00000, 0x000000008ef00000|  0%| F|  |TAMS 0x000000008ee00000, 0x000000008ee00000| Untracked 
| 103|0x000000008ef00000, 0x000000008ef00000, 0x000000008f000000|  0%| F|  |TAMS 0x000000008ef00000, 0x000000008ef00000| Untracked 
| 104|0x000000008f000000, 0x000000008f068390, 0x000000008f100000| 40%| S|CS|TAMS 0x000000008f000000, 0x000000008f000000| Complete 
| 105|0x000000008f100000, 0x000000008f200000, 0x000000008f200000|100%| S|CS|TAMS 0x000000008f100000, 0x000000008f100000| Complete 
| 106|0x000000008f200000, 0x000000008f200000, 0x000000008f300000|  0%| F|  |TAMS 0x000000008f200000, 0x000000008f200000| Untracked 
| 107|0x000000008f300000, 0x000000008f37e368, 0x000000008f400000| 49%| E|  |TAMS 0x000000008f300000, 0x000000008f300000| Complete 
| 108|0x000000008f400000, 0x000000008f500000, 0x000000008f500000|100%| E|CS|TAMS 0x000000008f400000, 0x000000008f400000| Complete 
| 109|0x000000008f500000, 0x000000008f600000, 0x000000008f600000|100%| E|CS|TAMS 0x000000008f500000, 0x000000008f500000| Complete 
| 110|0x000000008f600000, 0x000000008f700000, 0x000000008f700000|100%| E|CS|TAMS 0x000000008f600000, 0x000000008f600000| Complete 
| 111|0x000000008f700000, 0x000000008f800000, 0x000000008f800000|100%| E|CS|TAMS 0x000000008f700000, 0x000000008f700000| Complete 
| 112|0x000000008f800000, 0x000000008f900000, 0x000000008f900000|100%| E|CS|TAMS 0x000000008f800000, 0x000000008f800000| Complete 
| 113|0x000000008f900000, 0x000000008fa00000, 0x000000008fa00000|100%| E|CS|TAMS 0x000000008f900000, 0x000000008f900000| Complete 
| 114|0x000000008fa00000, 0x000000008fb00000, 0x000000008fb00000|100%| E|CS|TAMS 0x000000008fa00000, 0x000000008fa00000| Complete 
| 115|0x000000008fb00000, 0x000000008fc00000, 0x000000008fc00000|100%| E|CS|TAMS 0x000000008fb00000, 0x000000008fb00000| Complete 
| 116|0x000000008fc00000, 0x000000008fd00000, 0x000000008fd00000|100%| E|CS|TAMS 0x000000008fc00000, 0x000000008fc00000| Complete 
| 117|0x000000008fd00000, 0x000000008fe00000, 0x000000008fe00000|100%| E|CS|TAMS 0x000000008fd00000, 0x000000008fd00000| Complete 
| 118|0x000000008fe00000, 0x000000008ff00000, 0x000000008ff00000|100%| E|CS|TAMS 0x000000008fe00000, 0x000000008fe00000| Complete 
| 119|0x000000008ff00000, 0x0000000090000000, 0x0000000090000000|100%| E|CS|TAMS 0x000000008ff00000, 0x000000008ff00000| Complete 

Card table byte_map: [0x00000202ffbd0000,0x00000202fff90000] _byte_map_base: 0x00000202ff78c000

Marking Bits (Prev, Next): (CMBitMap*) 0x00000202f74d1a60, (CMBitMap*) 0x00000202f74d1a28
 Prev Bits: [0x00000202911a0000, 0x0000020292f80000)
 Next Bits: [0x000002028f3c0000, 0x00000202911a0000)

Polling page: 0x00000202f5450000

Metaspace:

Usage:
  Non-class:     21.32 MB capacity,    20.98 MB ( 98%) used,   293.95 KB (  1%) free+waste,    49.81 KB ( <1%) overhead. 
      Class:      2.72 MB capacity,     2.56 MB ( 94%) used,   140.30 KB (  5%) free+waste,    23.19 KB ( <1%) overhead. 
       Both:     24.03 MB capacity,    23.54 MB ( 98%) used,   434.25 KB (  2%) free+waste,    73.00 KB ( <1%) overhead. 

Virtual space:
  Non-class space:       22.00 MB reserved,      21.50 MB ( 98%) committed 
      Class space:        1.00 GB reserved,       2.75 MB ( <1%) committed 
             Both:        1.02 GB reserved,      24.25 MB (  2%) committed 

Chunk freelists:
   Non-Class:  58.00 KB
       Class:  3.00 KB
        Both:  61.00 KB

MaxMetaspaceSize: 17179869184.00 GB
CompressedClassSpaceSize: 1.00 GB
Initial GC threshold: 20.80 MB
Current GC threshold: 34.79 MB
CDS: off

CodeHeap 'non-profiled nmethods': size=120064Kb used=766Kb max_used=766Kb free=119297Kb
 bounds [0x0000020287ac0000, 0x0000020287d30000, 0x000002028f000000]
CodeHeap 'profiled nmethods': size=120000Kb used=4468Kb max_used=4468Kb free=115531Kb
 bounds [0x0000020280590000, 0x00000202809f0000, 0x0000020287ac0000]
CodeHeap 'non-nmethods': size=5696Kb used=1215Kb max_used=1236Kb free=4480Kb
 bounds [0x0000020280000000, 0x0000020280270000, 0x0000020280590000]
 total_blobs=2532 nmethods=2048 adapters=397
 compilation: enabled
              stopped_count=0, restarted_count=0
 full_count=0

Compilation events (20 events):
Event: 11.897 Thread 0x0000020295368000 2042       3       java.util.regex.Matcher::appendReplacement (75 bytes)
Event: 11.898 Thread 0x0000020295368000 nmethod 2042 0x00000202809e3890 code [0x00000202809e3aa0, 0x00000202809e3f48]
Event: 11.898 Thread 0x0000020295368000 2043       3       java.lang.AbstractStringBuilder::append (54 bytes)
Event: 11.899 Thread 0x0000020295368000 nmethod 2043 0x00000202809e4190 code [0x00000202809e43c0, 0x00000202809e4c88]
Event: 11.899 Thread 0x0000020295368000 2044       3       java.util.regex.Matcher::appendExpandedReplacement (510 bytes)
Event: 11.908 Thread 0x0000020295363000 nmethod 2037 0x0000020287b7e590 code [0x0000020287b7e760, 0x0000020287b7eb18]
Event: 11.908 Thread 0x0000020295363000 2041       4       java.lang.AbstractStringBuilder::appendChars (133 bytes)
Event: 11.909 Thread 0x0000020295368000 nmethod 2044 0x00000202809e4e10 code [0x00000202809e56e0, 0x00000202809ea6f8]
Event: 11.913 Thread 0x0000020295363000 nmethod 2041 0x0000020287b7ed90 code [0x0000020287b7ef40, 0x0000020287b7f1a8]
Event: 11.919 Thread 0x0000020295368000 2045       3       com.google.gson.TypeAdapter::<init> (5 bytes)
Event: 11.919 Thread 0x0000020295368000 nmethod 2045 0x00000202809ec390 code [0x00000202809ec540, 0x00000202809ec698]
Event: 11.920 Thread 0x0000020295368000 2046  s    3       java.lang.StringBuffer::append (15 bytes)
Event: 11.920 Thread 0x0000020295368000 nmethod 2046 0x00000202809ec790 code [0x00000202809ec960, 0x00000202809ecc28]
Event: 11.920 Thread 0x0000020295368000 2047       3       java.io.StringWriter::write (14 bytes)
Event: 11.920 Thread 0x0000020295368000 nmethod 2047 0x00000202809ecd10 code [0x00000202809ecee0, 0x00000202809ed248]
Event: 11.921 Thread 0x0000020295363000 2048 %     4       com.google.gson.stream.JsonWriter::string @ 37 (169 bytes)
Event: 11.949 Thread 0x0000020295368000 2049       1       org.apache.http.util.CharArrayBuffer::length (5 bytes)
Event: 11.949 Thread 0x0000020295368000 nmethod 2049 0x0000020287b7f390 code [0x0000020287b7f540, 0x0000020287b7f5f8]
Event: 11.949 Thread 0x0000020295368000 2050       1       org.apache.http.util.ByteArrayBuffer::length (5 bytes)
Event: 11.949 Thread 0x0000020295368000 nmethod 2050 0x0000020287b7f690 code [0x0000020287b7f840, 0x0000020287b7f8f8]

GC Heap History (10 events):
Event: 1.113 GC heap before
{Heap before GC invocations=0 (full 0):
 garbage-first heap   total 122880K, used 6144K [0x0000000088800000, 0x0000000100000000)
  region size 1024K, 7 young (7168K), 0 survivors (0K)
 Metaspace       used 7682K, capacity 7817K, committed 7936K, reserved 1056768K
  class space    used 661K, capacity 708K, committed 768K, reserved 1048576K
}
Event: 1.128 GC heap after
{Heap after GC invocations=1 (full 0):
 garbage-first heap   total 122880K, used 3642K [0x0000000088800000, 0x0000000100000000)
  region size 1024K, 1 young (1024K), 1 survivors (1024K)
 Metaspace       used 7682K, capacity 7817K, committed 7936K, reserved 1056768K
  class space    used 661K, capacity 708K, committed 768K, reserved 1048576K
}
Event: 2.771 GC heap before
{Heap before GC invocations=1 (full 0):
 garbage-first heap   total 122880K, used 8762K [0x0000000088800000, 0x0000000100000000)
  region size 1024K, 6 young (6144K), 1 survivors (1024K)
 Metaspace       used 11609K, capacity 11869K, committed 12032K, reserved 1060864K
  class space    used 1101K, capacity 1189K, committed 1280K, reserved 1048576K
}
Event: 2.778 GC heap after
{Heap after GC invocations=2 (full 0):
 garbage-first heap   total 122880K, used 4436K [0x0000000088800000, 0x0000000100000000)
  region size 1024K, 1 young (1024K), 1 survivors (1024K)
 Metaspace       used 11609K, capacity 11869K, committed 12032K, reserved 1060864K
  class space    used 1101K, capacity 1189K, committed 1280K, reserved 1048576K
}
Event: 3.855 GC heap before
{Heap before GC invocations=2 (full 0):
 garbage-first heap   total 122880K, used 14676K [0x0000000088800000, 0x0000000100000000)
  region size 1024K, 12 young (12288K), 1 survivors (1024K)
 Metaspace       used 14908K, capacity 15127K, committed 15360K, reserved 1062912K
  class space    used 1434K, capacity 1525K, committed 1536K, reserved 1048576K
}
Event: 3.863 GC heap after
{Heap after GC invocations=3 (full 0):
 garbage-first heap   total 122880K, used 6409K [0x0000000088800000, 0x0000000100000000)
  region size 1024K, 2 young (2048K), 2 survivors (2048K)
 Metaspace       used 14908K, capacity 15127K, committed 15360K, reserved 1062912K
  class space    used 1434K, capacity 1525K, committed 1536K, reserved 1048576K
}
Event: 5.001 GC heap before
{Heap before GC invocations=3 (full 0):
 garbage-first heap   total 122880K, used 21769K [0x0000000088800000, 0x0000000100000000)
  region size 1024K, 17 young (17408K), 2 survivors (2048K)
 Metaspace       used 17585K, capacity 17868K, committed 18048K, reserved 1064960K
  class space    used 1715K, capacity 1843K, committed 1920K, reserved 1048576K
}
Event: 5.012 GC heap after
{Heap after GC invocations=4 (full 0):
 garbage-first heap   total 122880K, used 8665K [0x0000000088800000, 0x0000000100000000)
  region size 1024K, 3 young (3072K), 3 survivors (3072K)
 Metaspace       used 17585K, capacity 17868K, committed 18048K, reserved 1064960K
  class space    used 1715K, capacity 1843K, committed 1920K, reserved 1048576K
}
Event: 6.480 GC heap before
{Heap before GC invocations=4 (full 0):
 garbage-first heap   total 122880K, used 21977K [0x0000000088800000, 0x0000000100000000)
  region size 1024K, 17 young (17408K), 3 survivors (3072K)
 Metaspace       used 20731K, capacity 21062K, committed 21248K, reserved 1069056K
  class space    used 2155K, capacity 2273K, committed 2304K, reserved 1048576K
}
Event: 6.490 GC heap after
{Heap after GC invocations=5 (full 0):
 garbage-first heap   total 122880K, used 9904K [0x0000000088800000, 0x0000000100000000)
  region size 1024K, 2 young (2048K), 2 survivors (2048K)
 Metaspace       used 20731K, capacity 21062K, committed 21248K, reserved 1069056K
  class space    used 2155K, capacity 2273K, committed 2304K, reserved 1048576K
}

Deoptimization events (20 events):
Event: 9.128 Thread 0x00000202f7491000 Uncommon trap: trap_request=0xffffffde fr.pc=0x0000020287b43b50 relative=0x0000000000000110
Event: 9.128 Thread 0x00000202f7491000 Uncommon trap: reason=class_check action=maybe_recompile pc=0x0000020287b43b50 method=java.io.DataInputStream.readByte()B @ 4 c2
Event: 9.128 Thread 0x00000202f7491000 DEOPT PACKING pc=0x0000020287b43b50 sp=0x000000812a2fa6f0
Event: 9.128 Thread 0x00000202f7491000 DEOPT UNPACKING pc=0x000002028004a1af sp=0x000000812a2fa6b8 mode 2
Event: 9.573 Thread 0x00000202f7491000 Uncommon trap: trap_request=0xffffffc6 fr.pc=0x0000020287b231ec relative=0x0000000000000cac
Event: 9.573 Thread 0x00000202f7491000 Uncommon trap: reason=bimorphic_or_optimized_type_check action=maybe_recompile pc=0x0000020287b231ec method=java.util.HashMap.putVal(ILjava/lang/Object;Ljava/lang/Object;ZZ)Ljava/lang/Object; @ 203 c2
Event: 9.573 Thread 0x00000202f7491000 DEOPT PACKING pc=0x0000020287b231ec sp=0x000000812a2fd490
Event: 9.573 Thread 0x00000202f7491000 DEOPT UNPACKING pc=0x000002028004a1af sp=0x000000812a2fd420 mode 2
Event: 9.618 Thread 0x00000202f7491000 Uncommon trap: trap_request=0xffffffc6 fr.pc=0x0000020287b231ec relative=0x0000000000000cac
Event: 9.618 Thread 0x00000202f7491000 Uncommon trap: reason=bimorphic_or_optimized_type_check action=maybe_recompile pc=0x0000020287b231ec method=java.util.HashMap.putVal(ILjava/lang/Object;Ljava/lang/Object;ZZ)Ljava/lang/Object; @ 203 c2
Event: 9.618 Thread 0x00000202f7491000 DEOPT PACKING pc=0x0000020287b231ec sp=0x000000812a2fd350
Event: 9.618 Thread 0x00000202f7491000 DEOPT UNPACKING pc=0x000002028004a1af sp=0x000000812a2fd2e0 mode 2
Event: 9.635 Thread 0x00000202f7491000 Uncommon trap: trap_request=0xffffffc6 fr.pc=0x0000020287b231ec relative=0x0000000000000cac
Event: 9.635 Thread 0x00000202f7491000 Uncommon trap: reason=bimorphic_or_optimized_type_check action=maybe_recompile pc=0x0000020287b231ec method=java.util.HashMap.putVal(ILjava/lang/Object;Ljava/lang/Object;ZZ)Ljava/lang/Object; @ 203 c2
Event: 9.635 Thread 0x00000202f7491000 DEOPT PACKING pc=0x0000020287b231ec sp=0x000000812a2fd350
Event: 9.635 Thread 0x00000202f7491000 DEOPT UNPACKING pc=0x000002028004a1af sp=0x000000812a2fd2e0 mode 2
Event: 9.636 Thread 0x00000202f7491000 Uncommon trap: trap_request=0xffffffc6 fr.pc=0x0000020287b231ec relative=0x0000000000000cac
Event: 9.636 Thread 0x00000202f7491000 Uncommon trap: reason=bimorphic_or_optimized_type_check action=maybe_recompile pc=0x0000020287b231ec method=java.util.HashMap.putVal(ILjava/lang/Object;Ljava/lang/Object;ZZ)Ljava/lang/Object; @ 203 c2
Event: 9.636 Thread 0x00000202f7491000 DEOPT PACKING pc=0x0000020287b231ec sp=0x000000812a2fd350
Event: 9.636 Thread 0x00000202f7491000 DEOPT UNPACKING pc=0x000002028004a1af sp=0x000000812a2fd2e0 mode 2

Classes redefined (0 events):
No events

Internal exceptions (20 events):
Event: 6.036 Thread 0x0000020297330800 Exception <a 'java/lang/NoSuchMethodError'{0x000000008f4ecd28}: 'java.lang.Object java.lang.invoke.DirectMethodHandle$Holder.invokeStatic(java.lang.Object, long)'> (0x000000008f4ecd28) thrown at [./src/hotspot/share/interpreter/linkResolver.cpp, line 773]
Event: 6.040 Thread 0x0000020297330800 Exception <a 'java/lang/NoSuchMethodError'{0x000000008f4fad88}: 'java.lang.Object java.lang.invoke.DirectMethodHandle$Holder.invokeStaticInit(java.lang.Object, java.lang.Object, long, java.lang.Object)'> (0x000000008f4fad88) thrown at [./src/hotspot/share/interpreter/linkResolver.cpp, line 773]
Event: 6.043 Thread 0x0000020297330800 Exception <a 'java/lang/NoSuchMethodError'{0x000000008f337240}: 'java.lang.Object java.lang.invoke.DirectMethodHandle$Holder.invokeStatic(java.lang.Object, java.lang.Object, long)'> (0x000000008f337240) thrown at [./src/hotspot/share/interpreter/linkResolver.cpp, line 773]
Event: 6.044 Thread 0x0000020297330800 Exception <a 'java/lang/NoSuchMethodError'{0x000000008f33d510}: 'java.lang.Object java.lang.invoke.Invokers$Holder.linkToTargetMethod(java.lang.Object, long, java.lang.Object)'> (0x000000008f33d510) thrown at [./src/hotspot/share/interpreter/linkResolver.cpp, line 773]
Event: 6.058 Thread 0x000002029732b000 Exception <a 'java/net/ConnectException'{0x000000008f30bc50}: Connection refused: connect> (0x000000008f30bc50) thrown at [./src/hotspot/share/prims/jni.cpp, line 637]
Event: 6.106 Thread 0x000002029732b000 Exception <a 'java/net/ConnectException'{0x000000008f30cbd0}: Connection refused: connect> (0x000000008f30cbd0) thrown at [./src/hotspot/share/prims/jni.cpp, line 637]
Event: 6.208 Thread 0x000002029732b000 Exception <a 'java/net/ConnectException'{0x000000008f30db50}: Connection refused: connect> (0x000000008f30db50) thrown at [./src/hotspot/share/prims/jni.cpp, line 637]
Event: 6.425 Thread 0x00000202f7491000 Exception <a 'java/lang/NoSuchMethodError'{0x000000008f4a8040}: 'java.lang.Object java.lang.invoke.DirectMethodHandle$Holder.invokeInterface(java.lang.Object, java.lang.Object, java.lang.Object)'> (0x000000008f4a8040) thrown at [./src/hotspot/share/interpreter/linkResolver.cpp, line 773]
Event: 6.426 Thread 0x00000202f7491000 Exception <a 'java/lang/IncompatibleClassChangeError'{0x000000008f4aafc8}: Found class java.lang.Object, but interface was expected> (0x000000008f4aafc8) thrown at [./src/hotspot/share/interpreter/linkResolver.cpp, line 839]
Event: 6.429 Thread 0x00000202f7491000 Exception <a 'java/lang/NoSuchMethodError'{0x000000008f4b3500}: 'int java.lang.invoke.DirectMethodHandle$Holder.invokeSpecialIFC(java.lang.Object, java.lang.Object, java.lang.Object, java.lang.Object)'> (0x000000008f4b3500) thrown at [./src/hotspot/share/interpreter/linkResolver.cpp, line 773]
Event: 6.624 Thread 0x00000202f7491000 Exception <a 'java/lang/NoSuchMethodError'{0x000000008fff48b8}: 'java.lang.Object java.lang.invoke.DirectMethodHandle$Holder.invokeInterface(java.lang.Object, java.lang.Object, java.lang.Object, java.lang.Object)'> (0x000000008fff48b8) thrown at [./src/hotspot/share/interpreter/linkResolver.cpp, line 773]
Event: 8.916 Thread 0x00000202f7491000 Exception <a 'java/lang/NoSuchMethodError'{0x000000008f80f530}: 'void java.lang.invoke.DirectMethodHandle$Holder.invokeStatic(java.lang.Object, java.lang.Object, java.lang.Object, java.lang.Object)'> (0x000000008f80f530) thrown at [./src/hotspot/share/interpreter/linkResolver.cpp, line 773]
Event: 9.208 Thread 0x00000202f7491000 Exception <a 'java/lang/NoSuchMethodError'{0x000000008f8ff208}: 'java.lang.Object java.lang.invoke.DirectMethodHandle$Holder.invokeStatic(java.lang.Object, int, java.lang.Object)'> (0x000000008f8ff208) thrown at [./src/hotspot/share/interpreter/linkResolver.cpp, line 773]
Event: 9.248 Thread 0x00000202f7491000 Exception <a 'java/lang/ClassNotFoundException'{0x000000008f76d030}: sun/util/logging/resources/spi/loggingProvider> (0x000000008f76d030) thrown at [./src/hotspot/share/classfile/systemDictionary.cpp, line 230]
Event: 9.329 Thread 0x00000202f7491000 Exception <a 'java/net/SocketTimeoutException'{0x000000008f61ea70}: Read timed out> (0x000000008f61ea70) thrown at [./src/hotspot/share/prims/jni.cpp, line 637]
Event: 9.532 Thread 0x00000202f7491000 Exception <a 'java/net/SocketTimeoutException'{0x000000008f639900}: Read timed out> (0x000000008f639900) thrown at [./src/hotspot/share/prims/jni.cpp, line 637]
Event: 9.547 Thread 0x00000202f7491000 Exception <a 'java/net/SocketTimeoutException'{0x000000008f647e68}: Read timed out> (0x000000008f647e68) thrown at [./src/hotspot/share/prims/jni.cpp, line 637]
Event: 9.649 Thread 0x00000202f7491000 Exception <a 'java/net/SocketTimeoutException'{0x000000008f576ea8}: Read timed out> (0x000000008f576ea8) thrown at [./src/hotspot/share/prims/jni.cpp, line 637]
Event: 11.828 Thread 0x00000202f7491000 Exception <a 'java/net/SocketTimeoutException'{0x000000008f5a7f60}: Read timed out> (0x000000008f5a7f60) thrown at [./src/hotspot/share/prims/jni.cpp, line 637]
Event: 11.948 Thread 0x00000202f7491000 Exception <a 'java/net/SocketTimeoutException'{0x000000008f3394d0}: Read timed out> (0x000000008f3394d0) thrown at [./src/hotspot/share/prims/jni.cpp, line 637]

Events (20 events):
Event: 11.889 loading class com/google/common/io/Closer
Event: 11.889 loading class com/google/common/io/Closer done
Event: 11.890 loading class com/google/common/io/Closer$Suppressor
Event: 11.890 loading class com/google/common/io/Closer$Suppressor done
Event: 11.891 loading class com/google/common/io/Closer$SuppressingSuppressor
Event: 11.891 loading class com/google/common/io/Closer$SuppressingSuppressor done
Event: 11.892 loading class java/io/PrintWriter
Event: 11.892 loading class java/io/PrintWriter done
Event: 11.911 loading class org/openqa/selenium/remote/internal/WebElementToJsonConverter
Event: 11.911 loading class org/openqa/selenium/remote/internal/WebElementToJsonConverter done
Event: 11.912 loading class com/google/common/collect/Iterables$5
Event: 11.912 loading class com/google/common/collect/Iterables$5 done
Event: 11.913 loading class com/google/common/collect/FluentIterable
Event: 11.913 loading class com/google/common/collect/FluentIterable done
Event: 11.914 loading class com/google/common/collect/FluentIterable$3
Event: 11.914 loading class com/google/common/collect/FluentIterable$3 done
Event: 11.915 loading class com/google/common/collect/FluentIterable$1
Event: 11.915 loading class com/google/common/collect/FluentIterable$1 done
Event: 11.916 loading class com/google/common/collect/FluentIterable$2
Event: 11.916 loading class com/google/common/collect/FluentIterable$2 done


Dynamic libraries:
0x00007ff7663e0000 - 0x00007ff7663ed000 	C:\Program Files\Eclipse Adoptium\jdk-11.0.14.101-hotspot\bin\java.exe
0x00007ffc2a570000 - 0x00007ffc2a768000 	C:\WINDOWS\SYSTEM32\ntdll.dll
0x00007ffc28a20000 - 0x00007ffc28adf000 	C:\WINDOWS\System32\KERNEL32.DLL
0x00007ffc27fa0000 - 0x00007ffc28296000 	C:\WINDOWS\System32\KERNELBASE.dll
0x00007ffc27c50000 - 0x00007ffc27d50000 	C:\WINDOWS\System32\ucrtbase.dll
0x00007ffc1d4a0000 - 0x00007ffc1d4b7000 	C:\Program Files\Eclipse Adoptium\jdk-11.0.14.101-hotspot\bin\jli.dll
0x00007ffc29960000 - 0x00007ffc29afd000 	C:\WINDOWS\System32\USER32.dll
0x00007ffc1d5e0000 - 0x00007ffc1d5f5000 	C:\Program Files\Eclipse Adoptium\jdk-11.0.14.101-hotspot\bin\VCRUNTIME140.dll
0x00007ffc16f20000 - 0x00007ffc171ba000 	C:\WINDOWS\WinSxS\amd64_microsoft.windows.common-controls_6595b64144ccf1df_6.0.19041.1110_none_60b5254171f9507e\COMCTL32.dll
0x00007ffc2a360000 - 0x00007ffc2a3fe000 	C:\WINDOWS\System32\msvcrt.dll
0x00007ffc28870000 - 0x00007ffc2889c000 	C:\WINDOWS\System32\GDI32.dll
0x00007ffc285a0000 - 0x00007ffc285c2000 	C:\WINDOWS\System32\win32u.dll
0x00007ffc283f0000 - 0x00007ffc28505000 	C:\WINDOWS\System32\gdi32full.dll
0x00007ffc282a0000 - 0x00007ffc2833d000 	C:\WINDOWS\System32\msvcp_win.dll
0x00007ffc286f0000 - 0x00007ffc28720000 	C:\WINDOWS\System32\IMM32.DLL
0x00007ffc0fbf0000 - 0x00007ffc0fc8b000 	C:\Program Files\Eclipse Adoptium\jdk-11.0.14.101-hotspot\bin\msvcp140.dll
0x00007ffbdccc0000 - 0x00007ffbdd841000 	C:\Program Files\Eclipse Adoptium\jdk-11.0.14.101-hotspot\bin\server\jvm.dll
0x00007ffc287c0000 - 0x00007ffc2886f000 	C:\WINDOWS\System32\ADVAPI32.dll
0x00007ffc28720000 - 0x00007ffc287bc000 	C:\WINDOWS\System32\sechost.dll
0x00007ffc2a400000 - 0x00007ffc2a526000 	C:\WINDOWS\System32\RPCRT4.dll
0x00007ffc28c10000 - 0x00007ffc28c18000 	C:\WINDOWS\System32\PSAPI.DLL
0x00007ffc20b40000 - 0x00007ffc20b49000 	C:\WINDOWS\SYSTEM32\WSOCK32.dll
0x00007ffc1f8c0000 - 0x00007ffc1f8e7000 	C:\WINDOWS\SYSTEM32\WINMM.dll
0x00007ffc1f8f0000 - 0x00007ffc1f8fa000 	C:\WINDOWS\SYSTEM32\VERSION.dll
0x00007ffc289b0000 - 0x00007ffc28a1b000 	C:\WINDOWS\System32\WS2_32.dll
0x00007ffc264e0000 - 0x00007ffc264f2000 	C:\WINDOWS\SYSTEM32\kernel.appcore.dll
0x00007ffc20510000 - 0x00007ffc20520000 	C:\Program Files\Eclipse Adoptium\jdk-11.0.14.101-hotspot\bin\verify.dll
0x00007ffc26270000 - 0x00007ffc26454000 	C:\WINDOWS\SYSTEM32\DBGHELP.DLL
0x00007ffc14540000 - 0x00007ffc14574000 	C:\WINDOWS\SYSTEM32\dbgcore.DLL
0x00007ffc28510000 - 0x00007ffc28592000 	C:\WINDOWS\System32\bcryptPrimitives.dll
0x00007ffc1d3a0000 - 0x00007ffc1d3c8000 	C:\Program Files\Eclipse Adoptium\jdk-11.0.14.101-hotspot\bin\java.dll
0x00007ffc1d390000 - 0x00007ffc1d39a000 	C:\Program Files\Eclipse Adoptium\jdk-11.0.14.101-hotspot\bin\jimage.dll
0x00007ffc20b60000 - 0x00007ffc20b6e000 	C:\Program Files\Eclipse Adoptium\jdk-11.0.14.101-hotspot\bin\instrument.dll
0x00007ffc1d350000 - 0x00007ffc1d368000 	C:\Program Files\Eclipse Adoptium\jdk-11.0.14.101-hotspot\bin\zip.dll
0x00007ffc29000000 - 0x00007ffc29744000 	C:\WINDOWS\System32\SHELL32.dll
0x00007ffc25a10000 - 0x00007ffc261a4000 	C:\WINDOWS\SYSTEM32\windows.storage.dll
0x00007ffc29b00000 - 0x00007ffc29e54000 	C:\WINDOWS\System32\combase.dll
0x00007ffc27620000 - 0x00007ffc2764e000 	C:\WINDOWS\SYSTEM32\Wldp.dll
0x00007ffc288a0000 - 0x00007ffc2894d000 	C:\WINDOWS\System32\SHCORE.dll
0x00007ffc28d00000 - 0x00007ffc28d55000 	C:\WINDOWS\System32\shlwapi.dll
0x00007ffc27b80000 - 0x00007ffc27ba5000 	C:\WINDOWS\SYSTEM32\profapi.dll
0x00007ffc1d150000 - 0x00007ffc1d169000 	C:\Program Files\Eclipse Adoptium\jdk-11.0.14.101-hotspot\bin\net.dll
0x00007ffc1b720000 - 0x00007ffc1b82a000 	C:\WINDOWS\SYSTEM32\WINHTTP.dll
0x00007ffc27320000 - 0x00007ffc2738a000 	C:\WINDOWS\system32\mswsock.dll
0x00007ffc1cda0000 - 0x00007ffc1cdb3000 	C:\Program Files\Eclipse Adoptium\jdk-11.0.14.101-hotspot\bin\nio.dll
0x00007ffc1d530000 - 0x00007ffc1d54a000 	C:\Program Files\JetBrains\IntelliJ IDEA Community Edition 2021.3.3\bin\breakgen64.dll
0x00007ffc27510000 - 0x00007ffc27528000 	C:\WINDOWS\SYSTEM32\CRYPTSP.dll
0x00007ffc26c40000 - 0x00007ffc26c74000 	C:\WINDOWS\system32\rsaenh.dll
0x00007ffc27da0000 - 0x00007ffc27dc7000 	C:\WINDOWS\System32\bcrypt.dll
0x00007ffc27b00000 - 0x00007ffc27b2e000 	C:\WINDOWS\SYSTEM32\USERENV.dll
0x00007ffc27530000 - 0x00007ffc2753c000 	C:\WINDOWS\SYSTEM32\CRYPTBASE.dll
0x00007ffc27010000 - 0x00007ffc2704c000 	C:\WINDOWS\SYSTEM32\IPHLPAPI.DLL
0x00007ffc2a350000 - 0x00007ffc2a358000 	C:\WINDOWS\System32\NSI.dll
0x00007ffc1b650000 - 0x00007ffc1b667000 	C:\WINDOWS\SYSTEM32\dhcpcsvc6.DLL
0x00007ffc1b630000 - 0x00007ffc1b64d000 	C:\WINDOWS\SYSTEM32\dhcpcsvc.DLL
0x00007ffc27060000 - 0x00007ffc2712a000 	C:\WINDOWS\SYSTEM32\DNSAPI.dll
0x00007ffc1d4f0000 - 0x00007ffc1d515000 	C:\Program Files\Eclipse Adoptium\jdk-11.0.14.101-hotspot\bin\sunec.dll
0x00007ffc1ae90000 - 0x00007ffc1ae9a000 	C:\Windows\System32\rasadhlp.dll
0x00007ffc1ada0000 - 0x00007ffc1ae22000 	C:\WINDOWS\System32\fwpuclnt.dll

dbghelp: loaded successfully - version: 4.0.5 - missing functions: none
symbol engine: initialized successfully - sym options: 0x614 - pdb path: .;C:\Program Files\Eclipse Adoptium\jdk-11.0.14.101-hotspot\bin;C:\WINDOWS\SYSTEM32;C:\WINDOWS\WinSxS\amd64_microsoft.windows.common-controls_6595b64144ccf1df_6.0.19041.1110_none_60b5254171f9507e;C:\Program Files\Eclipse Adoptium\jdk-11.0.14.101-hotspot\bin\server;C:\Program Files\JetBrains\IntelliJ IDEA Community Edition 2021.3.3\bin

VM Arguments:
jvm_args: -ea -Didea.test.cyclic.buffer.size=1048576 -javaagent:C:\Program Files\JetBrains\IntelliJ IDEA Community Edition 2021.3.3\lib\idea_rt.jar=51031:C:\Program Files\JetBrains\IntelliJ IDEA Community Edition 2021.3.3\bin -Dfile.encoding=UTF-8 
java_command: com.intellij.rt.testng.RemoteTestNGStarter -usedefaultlisteners false -socket51030 @w@C:\Users\HP\AppData\Local\Temp\idea_working_dirs_testng.tmp -temp C:\Users\HP\AppData\Local\Temp\idea_testng.tmp
java_class_path (initial): C:\Program Files\JetBrains\IntelliJ IDEA Community Edition 2021.3.3\lib\idea_rt.jar;C:\Program Files\JetBrains\IntelliJ IDEA Community Edition 2021.3.3\plugins\testng\lib\testng-rt.jar;C:\Users\HP\IdeaProjects\FinalProjectTestingSkilloWebsite\target\test-classes;C:\Users\HP\.m2\repository\org\testng\testng\6.14.3\testng-6.14.3.jar;C:\Users\HP\.m2\repository\com\beust\jcommander\1.72\jcommander-1.72.jar;C:\Users\HP\.m2\repository\org\apache-extras\beanshell\bsh\2.0b6\bsh-2.0b6.jar;C:\Users\HP\.m2\repository\org\seleniumhq\selenium\selenium-java\3.6.0\selenium-java-3.6.0.jar;C:\Users\HP\.m2\repository\org\seleniumhq\selenium\selenium-api\3.6.0\selenium-api-3.6.0.jar;C:\Users\HP\.m2\repository\org\seleniumhq\selenium\selenium-chrome-driver\3.6.0\selenium-chrome-driver-3.6.0.jar;C:\Users\HP\.m2\repository\org\seleniumhq\selenium\selenium-edge-driver\3.6.0\selenium-edge-driver-3.6.0.jar;C:\Users\HP\.m2\repository\org\seleniumhq\selenium\selenium-firefox-driver\3.6.0\selenium-firefox-driver-3.6.0.jar;C:\Users\HP\.m2\repository\org\seleniumhq\selenium\selenium-ie-driver\3.6.0\selenium-ie-driver-3.6.0.jar;C:\Users\HP\.m2\repository\org\seleniumhq\selenium\selenium-opera-driver\3.6.0\selenium-opera-driver-3.6.0.jar;C:\Users\HP\.m2\repository\org\seleniumhq\selenium\selenium-remote-driver\3.6.0\selenium-remote-driver-3.6.0.jar;C:\Users\HP\.m2\repository\org\seleniumhq\selenium\selenium-safari-driver\3.6.0\selenium-safari-driver-3.6.0.jar;C:\Users\HP\.m2\repository\org\seleniumhq\selenium\selenium-support\3.6.0\selenium-support-3.6.0.jar;C:\Users\HP\.m2\repository\net\bytebuddy\byte-buddy\1.7.5\byte-buddy-1.7.5.jar;C:\Users\HP\.m2\repository\org\apache\commons\commons-exec\1.3\commons-exec-1.3.jar;C:\Users\HP\.m2\repository\commons-codec\commons-codec\1.10\commons-codec-1.10.jar;C:\Users\HP\.m2\repository\commons-logging\commons-logging\1.2\commons-logging-1.2.jar;C:\Users\HP\.m2\repository\com\google\code\gson\gson\2.8.0\gson-2.8.0.jar;C:\Users\HP
Launcher Type: SUN_STANDARD

[Global flags]
     intx CICompilerCount                          = 2                                         {product} {ergonomic}
     uint ConcGCThreads                            = 1                                         {product} {ergonomic}
     uint G1ConcRefinementThreads                  = 2                                         {product} {ergonomic}
   size_t G1HeapRegionSize                         = 1048576                                   {product} {ergonomic}
    uintx GCDrainStackTargetSize                   = 64                                        {product} {ergonomic}
   size_t InitialHeapSize                          = 125829120                                 {product} {ergonomic}
   size_t MarkStackSize                            = 4194304                                   {product} {ergonomic}
   size_t MaxHeapSize                              = 2004877312                                {product} {ergonomic}
   size_t MaxNewSize                               = 1202716672                                {product} {ergonomic}
   size_t MinHeapDeltaBytes                        = 1048576                                   {product} {ergonomic}
    uintx NonNMethodCodeHeapSize                   = 5825164                                {pd product} {ergonomic}
    uintx NonProfiledCodeHeapSize                  = 122916538                              {pd product} {ergonomic}
    uintx ProfiledCodeHeapSize                     = 122916538                              {pd product} {ergonomic}
    uintx ReservedCodeCacheSize                    = 251658240                              {pd product} {ergonomic}
     bool SegmentedCodeCache                       = true                                      {product} {ergonomic}
     bool UseCompressedClassPointers               = true                                 {lp64_product} {ergonomic}
     bool UseCompressedOops                        = true                                 {lp64_product} {ergonomic}
     bool UseG1GC                                  = true                                      {product} {ergonomic}
     bool UseLargePagesIndividualAllocation        = false                                  {pd product} {ergonomic}

Logging:
Log output configuration:
 #0: stdout all=warning uptime,level,tags
 #1: stderr all=off uptime,level,tags

Environment Variables:
JAVA_HOME=C:\Program Files\Java\jdk-18.0.1.1
PATH=C:\Program Files\Common Files\Oracle\Java\javapath;C:\Program Files\Eclipse Adoptium\jdk-11.0.14.101-hotspot\bin;C:\WINDOWS\system32;C:\WINDOWS;C:\WINDOWS\System32\Wbem;C:\WINDOWS\System32\WindowsPowerShell\v1.0\;C:\WINDOWS\System32\OpenSSH\;C:\Program Files\dotnet\;C:\Program Files\Microsoft SQL Server\130\Tools\Binn\;C:\Program Files\Microsoft SQL Server\Client SDK\ODBC\170\Tools\Binn\;C:\Program Files\Java\jdk-18.0.1.1\bin;C:\Program Files\Java\jdk-18.0.1.1\bin;C:\Program Files\apache-maven-3.8.6-bin\apache-maven-3.8.6\bin;C:\Program Files\Git\cmd;C:\Program Files\MySQL\MySQL Shell 8.0\bin\
USERNAME=HP
OS=Windows_NT
PROCESSOR_IDENTIFIER=AMD64 Family 21 Model 112 Stepping 0, AuthenticAMD



---------------  S Y S T E M  ---------------

OS: Windows 10 , 64 bit Build 19041 (10.0.19041.3155)
OS uptime: 5 days 23:23 hours

CPU:total 2 (initial active 2) (2 cores per cpu, 1 threads per core) family 21 model 112 stepping 0 microcode 0x0, cmov, cx8, fxsr, mmx, sse, sse2, sse3, ssse3, sse4.1, sse4.2, popcnt, avx, avx2, aes, clmul, mmxext, 3dnowpref, lzcnt, sse4a, tsc, tscinvbit, tscinv, bmi1, bmi2, fma

Memory: 4k page, system-wide physical 7645M (1593M free)
TotalPageFile size 7645M (AvailPageFile size 7M)
current process WorkingSet (physical memory assigned to process): 99M, peak: 99M
current process commit charge ("private bytes"): 218M, peak: 219M

vm_info: OpenJDK 64-Bit Server VM (11.0.14.1+1) for windows-amd64 JRE (11.0.14.1+1), built on Feb  9 2022 01:48:27 by "" with unknown MS VC++:1916

END.
